<!DOCTYPE html>
<html>
  <head>
    <meta charset="utf-8"/>
    <title>Report.html</title>
    <link href="assets/style.css" rel="stylesheet" type="text/css"/></head>
  <body onLoad="init()">
    <script>/* This Source Code Form is subject to the terms of the Mozilla Public
 * License, v. 2.0. If a copy of the MPL was not distributed with this file,
 * You can obtain one at http://mozilla.org/MPL/2.0/. */


function toArray(iter) {
    if (iter === null) {
        return null;
    }
    return Array.prototype.slice.call(iter);
}

function find(selector, elem) { // eslint-disable-line no-redeclare
    if (!elem) {
        elem = document;
    }
    return elem.querySelector(selector);
}

function findAll(selector, elem) {
    if (!elem) {
        elem = document;
    }
    return toArray(elem.querySelectorAll(selector));
}

function sortColumn(elem) {
    toggleSortStates(elem);
    const colIndex = toArray(elem.parentNode.childNodes).indexOf(elem);
    let key;
    if (elem.classList.contains('result')) {
        key = keyResult;
    } else if (elem.classList.contains('links')) {
        key = keyLink;
    } else {
        key = keyAlpha;
    }
    sortTable(elem, key(colIndex));
}

function showAllExtras() { // eslint-disable-line no-unused-vars
    findAll('.col-result').forEach(showExtras);
}

function hideAllExtras() { // eslint-disable-line no-unused-vars
    findAll('.col-result').forEach(hideExtras);
}

function showExtras(colresultElem) {
    const extras = colresultElem.parentNode.nextElementSibling;
    const expandcollapse = colresultElem.firstElementChild;
    extras.classList.remove('collapsed');
    expandcollapse.classList.remove('expander');
    expandcollapse.classList.add('collapser');
}

function hideExtras(colresultElem) {
    const extras = colresultElem.parentNode.nextElementSibling;
    const expandcollapse = colresultElem.firstElementChild;
    extras.classList.add('collapsed');
    expandcollapse.classList.remove('collapser');
    expandcollapse.classList.add('expander');
}

function showFilters() {
    let visibleString = getQueryParameter('visible') || 'all';
    visibleString = visibleString.toLowerCase();
    const checkedItems = visibleString.split(',');

    const filterItems = document.getElementsByClassName('filter');
    for (let i = 0; i < filterItems.length; i++) {
        filterItems[i].hidden = false;

        if (visibleString != 'all') {
            filterItems[i].checked = checkedItems.includes(filterItems[i].getAttribute('data-test-result'));
            filterTable(filterItems[i]);
        }
    }
}

function addCollapse() {
    // Add links for show/hide all
    const resulttable = find('table#results-table');
    const showhideall = document.createElement('p');
    showhideall.innerHTML = '<a href="javascript:showAllExtras()">Show all details</a> / ' +
                            '<a href="javascript:hideAllExtras()">Hide all details</a>';
    resulttable.parentElement.insertBefore(showhideall, resulttable);

    // Add show/hide link to each result
    findAll('.col-result').forEach(function(elem) {
        const collapsed = getQueryParameter('collapsed') || 'Passed';
        const extras = elem.parentNode.nextElementSibling;
        const expandcollapse = document.createElement('span');
        if (extras.classList.contains('collapsed')) {
            expandcollapse.classList.add('expander');
        } else if (collapsed.includes(elem.innerHTML)) {
            extras.classList.add('collapsed');
            expandcollapse.classList.add('expander');
        } else {
            expandcollapse.classList.add('collapser');
        }
        elem.appendChild(expandcollapse);

        elem.addEventListener('click', function(event) {
            if (event.currentTarget.parentNode.nextElementSibling.classList.contains('collapsed')) {
                showExtras(event.currentTarget);
            } else {
                hideExtras(event.currentTarget);
            }
        });
    });
}

function getQueryParameter(name) {
    const match = RegExp('[?&]' + name + '=([^&]*)').exec(window.location.search);
    return match && decodeURIComponent(match[1].replace(/\+/g, ' '));
}

function init () { // eslint-disable-line no-unused-vars
    resetSortHeaders();

    addCollapse();

    showFilters();

    sortColumn(find('.initial-sort'));

    findAll('.sortable').forEach(function(elem) {
        elem.addEventListener('click',
            function() {
                sortColumn(elem);
            }, false);
    });
}

function sortTable(clicked, keyFunc) {
    const rows = findAll('.results-table-row');
    const reversed = !clicked.classList.contains('asc');
    const sortedRows = sort(rows, keyFunc, reversed);
    /* Whole table is removed here because browsers acts much slower
     * when appending existing elements.
     */
    const thead = document.getElementById('results-table-head');
    document.getElementById('results-table').remove();
    const parent = document.createElement('table');
    parent.id = 'results-table';
    parent.appendChild(thead);
    sortedRows.forEach(function(elem) {
        parent.appendChild(elem);
    });
    document.getElementsByTagName('BODY')[0].appendChild(parent);
}

function sort(items, keyFunc, reversed) {
    const sortArray = items.map(function(item, i) {
        return [keyFunc(item), i];
    });

    sortArray.sort(function(a, b) {
        const keyA = a[0];
        const keyB = b[0];

        if (keyA == keyB) return 0;

        if (reversed) {
            return keyA < keyB ? 1 : -1;
        } else {
            return keyA > keyB ? 1 : -1;
        }
    });

    return sortArray.map(function(item) {
        const index = item[1];
        return items[index];
    });
}

function keyAlpha(colIndex) {
    return function(elem) {
        return elem.childNodes[1].childNodes[colIndex].firstChild.data.toLowerCase();
    };
}

function keyLink(colIndex) {
    return function(elem) {
        const dataCell = elem.childNodes[1].childNodes[colIndex].firstChild;
        return dataCell == null ? '' : dataCell.innerText.toLowerCase();
    };
}

function keyResult(colIndex) {
    return function(elem) {
        const strings = ['Error', 'Failed', 'Rerun', 'XFailed', 'XPassed',
            'Skipped', 'Passed'];
        return strings.indexOf(elem.childNodes[1].childNodes[colIndex].firstChild.data);
    };
}

function resetSortHeaders() {
    findAll('.sort-icon').forEach(function(elem) {
        elem.parentNode.removeChild(elem);
    });
    findAll('.sortable').forEach(function(elem) {
        const icon = document.createElement('div');
        icon.className = 'sort-icon';
        icon.textContent = 'vvv';
        elem.insertBefore(icon, elem.firstChild);
        elem.classList.remove('desc', 'active');
        elem.classList.add('asc', 'inactive');
    });
}

function toggleSortStates(elem) {
    //if active, toggle between asc and desc
    if (elem.classList.contains('active')) {
        elem.classList.toggle('asc');
        elem.classList.toggle('desc');
    }

    //if inactive, reset all other functions and add ascending active
    if (elem.classList.contains('inactive')) {
        resetSortHeaders();
        elem.classList.remove('inactive');
        elem.classList.add('active');
    }
}

function isAllRowsHidden(value) {
    return value.hidden == false;
}

function filterTable(elem) { // eslint-disable-line no-unused-vars
    const outcomeAtt = 'data-test-result';
    const outcome = elem.getAttribute(outcomeAtt);
    const classOutcome = outcome + ' results-table-row';
    const outcomeRows = document.getElementsByClassName(classOutcome);

    for(let i = 0; i < outcomeRows.length; i++){
        outcomeRows[i].hidden = !elem.checked;
    }

    const rows = findAll('.results-table-row').filter(isAllRowsHidden);
    const allRowsHidden = rows.length == 0 ? true : false;
    const notFoundMessage = document.getElementById('not-found-message');
    notFoundMessage.hidden = !allRowsHidden;
}
</script>
    <h1>Report.html</h1>
    <p>Report generated on 18-Jun-2023 at 15:05:55 by <a href="https://pypi.python.org/pypi/pytest-html">pytest-html</a> v3.2.0</p>
    <h2>Summary</h2>
    <p>4 tests ran in 60.26 seconds. </p>
    <p class="filter" hidden="true">(Un)check the boxes to filter the results.</p><input checked="true" class="filter" data-test-result="passed" hidden="true" name="filter_checkbox" onChange="filterTable(this)" type="checkbox"/><span class="passed">1 passed</span>, <input checked="true" class="filter" data-test-result="skipped" disabled="true" hidden="true" name="filter_checkbox" onChange="filterTable(this)" type="checkbox"/><span class="skipped">0 skipped</span>, <input checked="true" class="filter" data-test-result="failed" hidden="true" name="filter_checkbox" onChange="filterTable(this)" type="checkbox"/><span class="failed">3 failed</span>, <input checked="true" class="filter" data-test-result="error" disabled="true" hidden="true" name="filter_checkbox" onChange="filterTable(this)" type="checkbox"/><span class="error">0 errors</span>, <input checked="true" class="filter" data-test-result="xfailed" disabled="true" hidden="true" name="filter_checkbox" onChange="filterTable(this)" type="checkbox"/><span class="xfailed">0 expected failures</span>, <input checked="true" class="filter" data-test-result="xpassed" disabled="true" hidden="true" name="filter_checkbox" onChange="filterTable(this)" type="checkbox"/><span class="xpassed">0 unexpected passes</span>
    <h2>Results</h2>
    <table id="results-table">
      <thead id="results-table-head">
        <tr>
          <th class="sortable result initial-sort" col="result">Result</th>
          <th class="sortable" col="name">Test</th>
          <th class="sortable" col="duration">Duration</th>
          <th class="sortable links" col="links">Links</th></tr>
        <tr hidden="true" id="not-found-message">
          <th colspan="4">No results found. Try to check the filters</th></tr></thead>
      <tbody class="failed results-table-row">
        <tr>
          <td class="col-result">Failed</td>
          <td class="col-name">testCases/test_login_ddt.py::Test_Login_DDT::test_login_ddt_004[getDataForLogin1]</td>
          <td class="col-duration">29.59</td>
          <td class="col-links"></td></tr>
        <tr>
          <td class="extra" colspan="4">
            <div class="log">[gw1] win32 -- Python 3.11.3 D:\SoftwareTesting\Automation Testing\Framework_Projects\OrangeHRM\venv\Scripts\python.exe<br/>[gw1] win32 -- Python 3.11.3 D:\SoftwareTesting\Automation Testing\Framework_Projects\OrangeHRM\venv\Scripts\python.exe[gw1] win32 -- Python 3.11.3 D:\SoftwareTesting\Automation Testing\Framework_Projects\OrangeHRM\venv\Scripts\python.exe<br/><br/>self = &lt;testCases.test_login_ddt.Test_Login_DDT object at 0x000002D638B989D0&gt;<br/>setup = &lt;selenium.webdriver.chrome.webdriver.WebDriver (session=&quot;7835a343822358f0847c74c610348a5f&quot;)&gt;, getDataForLogin = (&#x27;Admin1&#x27;, &#x27;admin123&#x27;, &#x27;Fail&#x27;)<br/><br/>    @pytest.mark.regression<br/>    def test_login_ddt_004(self,setup,getDataForLogin):<br/>        self.log.info(&quot;Opening Browser&quot;)<br/>        self.driver = setup<br/>        self.driver.get(self.url)<br/>        self.log.info(&quot;Going to URL&quot;)<br/>        self.lp = Login(self.driver)       # Create an instance of the page object class(i.e class Login)<br/>        self.rows=XLutils.getRowCount(self.path,&#x27;Sheet1&#x27;)<br/>        print(&#x27;Number of rows are--&gt;&#x27;,self.rows)<br/>        login_status=[]<br/>        #<br/>        for r in range(2,self.rows+1):<br/>            self.username=XLutils.readData(self.path,&#x27;Sheet1&#x27;,r,1)<br/>            self.password=XLutils.readData(self.path,&#x27;Sheet1&#x27;,r,2)<br/>            self.exp_status=XLutils.readData(self.path,&#x27;Sheet1&#x27;,r,3)<br/>    <br/>&gt;           self.lp.enterUserName(self.username)     # Through this instance,use the page object methods in your tests<br/><br/>testCases\test_login_ddt.py:34: <br/>_ _ _ _ _ _ _ _ _ _ _ _ _ _ _ _ _ _ _ _ _ _ _ _ _ _ _ _ _ _ _ _ _ _ _ _ _ _ _ _ <br/>PageObject\LoginPageObject.py:22: in enterUserName<br/>    self.wait.until(EC.presence_of_element_located(self.txtbox_username_name))<br/>_ _ _ _ _ _ _ _ _ _ _ _ _ _ _ _ _ _ _ _ _ _ _ _ _ _ _ _ _ _ _ _ _ _ _ _ _ _ _ _ <br/><br/>self = &lt;selenium.webdriver.support.wait.WebDriverWait (session=&quot;7835a343822358f0847c74c610348a5f&quot;)&gt;<br/>method = &lt;function presence_of_element_located.&lt;locals&gt;._predicate at 0x000002D638B9DDA0&gt;, message = &#x27;&#x27;<br/><br/>    def until(self, method, message: str = &quot;&quot;):<br/>        &quot;&quot;&quot;Calls the method provided with the driver as an argument until the \<br/>        return value does not evaluate to ``False``.<br/>    <br/>        :param method: callable(WebDriver)<br/>        :param message: optional message for :exc:`TimeoutException`<br/>        :returns: the result of the last call to `method`<br/>        :raises: :exc:`selenium.common.exceptions.TimeoutException` if timeout occurs<br/>        &quot;&quot;&quot;<br/>        screen = None<br/>        stacktrace = None<br/>    <br/>        end_time = time.monotonic() + self._timeout<br/>        while True:<br/>            try:<br/>                value = method(self._driver)<br/>                if value:<br/>                    return value<br/>            except self._ignored_exceptions as exc:<br/>                screen = getattr(exc, &quot;screen&quot;, None)<br/>                stacktrace = getattr(exc, &quot;stacktrace&quot;, None)<br/>            time.sleep(self._poll)<br/>            if time.monotonic() &gt; end_time:<br/>                break<br/>&gt;       raise TimeoutException(message, screen, stacktrace)<br/><span class="error">E       selenium.common.exceptions.TimeoutException: Message: </span><br/><span class="error">E       Stacktrace:</span><br/><span class="error">E       Backtrace:</span><br/><span class="error">E       	GetHandleVerifier [0x0023A813+48355]</span><br/><span class="error">E       	(No symbol) [0x001CC4B1]</span><br/><span class="error">E       	(No symbol) [0x000D5358]</span><br/><span class="error">E       	(No symbol) [0x001009A5]</span><br/><span class="error">E       	(No symbol) [0x00100B3B]</span><br/><span class="error">E       	(No symbol) [0x0012E232]</span><br/><span class="error">E       	(No symbol) [0x0011A784]</span><br/><span class="error">E       	(No symbol) [0x0012C922]</span><br/><span class="error">E       	(No symbol) [0x0011A536]</span><br/><span class="error">E       	(No symbol) [0x000F82DC]</span><br/><span class="error">E       	(No symbol) [0x000F93DD]</span><br/><span class="error">E       	GetHandleVerifier [0x0049AABD+2539405]</span><br/><span class="error">E       	GetHandleVerifier [0x004DA78F+2800735]</span><br/><span class="error">E       	GetHandleVerifier [0x004D456C+2775612]</span><br/><span class="error">E       	GetHandleVerifier [0x002C51E0+616112]</span><br/><span class="error">E       	(No symbol) [0x001D5F8C]</span><br/><span class="error">E       	(No symbol) [0x001D2328]</span><br/><span class="error">E       	(No symbol) [0x001D240B]</span><br/><span class="error">E       	(No symbol) [0x001C4FF7]</span><br/><span class="error">E       	BaseThreadInitThunk [0x755A6BA9+25]</span><br/><span class="error">E       	RtlGetFullPathName_UEx [0x77388F9F+1215]</span><br/><span class="error">E       	RtlGetFullPathName_UEx [0x77388F6D+1165]</span><br/><span class="error">E       	(No symbol) [0x00000000]</span><br/><br/>venv\Lib\site-packages\selenium\webdriver\support\wait.py:95: TimeoutException[gw1] win32 -- Python 3.11.3 D:\SoftwareTesting\Automation Testing\Framework_Projects\OrangeHRM\venv\Scripts\python.exe<br/> ------------------------------Captured stdout call------------------------------ <br/>Number of rows are--&gt; 5
[&#x27;Pass&#x27;]
<br/> -------------------------------Captured log call-------------------------------- <br/>INFO     Test_Login_DDT:test_login_ddt.py:20 Opening Browser
INFO     Test_Login_DDT:test_login_ddt.py:23 Going to URL
INFO     Test_Login_DDT:test_login_ddt.py:35 Enter UserName---&gt;Admin
INFO     Test_Login_DDT:test_login_ddt.py:37 Enter Password---&gt;admin123
INFO     Test_Login_DDT:test_login_ddt.py:39 Click on login button
INFO     Test_Login_DDT:test_login_ddt.py:46 Click on Menu button
INFO     Test_Login_DDT:test_login_ddt.py:48 Click on Logout button<br/></div></td></tr></tbody>
      <tbody class="failed results-table-row">
        <tr>
          <td class="col-result">Failed</td>
          <td class="col-name">testCases/test_login_ddt.py::Test_Login_DDT::test_login_ddt_004[getDataForLogin2]</td>
          <td class="col-duration">30.33</td>
          <td class="col-links"></td></tr>
        <tr>
          <td class="extra" colspan="4">
            <div class="log">[gw2] win32 -- Python 3.11.3 D:\SoftwareTesting\Automation Testing\Framework_Projects\OrangeHRM\venv\Scripts\python.exe<br/>[gw2] win32 -- Python 3.11.3 D:\SoftwareTesting\Automation Testing\Framework_Projects\OrangeHRM\venv\Scripts\python.exe[gw2] win32 -- Python 3.11.3 D:\SoftwareTesting\Automation Testing\Framework_Projects\OrangeHRM\venv\Scripts\python.exe<br/><br/>self = &lt;testCases.test_login_ddt.Test_Login_DDT object at 0x0000014EE2098C50&gt;<br/>setup = &lt;selenium.webdriver.chrome.webdriver.WebDriver (session=&quot;0d132b5c57f4bcf84291a2ec8a9f9714&quot;)&gt;, getDataForLogin = (&#x27;Admin&#x27;, &#x27;admin1231&#x27;, &#x27;Fail&#x27;)<br/><br/>    @pytest.mark.regression<br/>    def test_login_ddt_004(self,setup,getDataForLogin):<br/>        self.log.info(&quot;Opening Browser&quot;)<br/>        self.driver = setup<br/>        self.driver.get(self.url)<br/>        self.log.info(&quot;Going to URL&quot;)<br/>        self.lp = Login(self.driver)       # Create an instance of the page object class(i.e class Login)<br/>        self.rows=XLutils.getRowCount(self.path,&#x27;Sheet1&#x27;)<br/>        print(&#x27;Number of rows are--&gt;&#x27;,self.rows)<br/>        login_status=[]<br/>        #<br/>        for r in range(2,self.rows+1):<br/>            self.username=XLutils.readData(self.path,&#x27;Sheet1&#x27;,r,1)<br/>            self.password=XLutils.readData(self.path,&#x27;Sheet1&#x27;,r,2)<br/>            self.exp_status=XLutils.readData(self.path,&#x27;Sheet1&#x27;,r,3)<br/>    <br/>&gt;           self.lp.enterUserName(self.username)     # Through this instance,use the page object methods in your tests<br/><br/>testCases\test_login_ddt.py:34: <br/>_ _ _ _ _ _ _ _ _ _ _ _ _ _ _ _ _ _ _ _ _ _ _ _ _ _ _ _ _ _ _ _ _ _ _ _ _ _ _ _ <br/>PageObject\LoginPageObject.py:22: in enterUserName<br/>    self.wait.until(EC.presence_of_element_located(self.txtbox_username_name))<br/>_ _ _ _ _ _ _ _ _ _ _ _ _ _ _ _ _ _ _ _ _ _ _ _ _ _ _ _ _ _ _ _ _ _ _ _ _ _ _ _ <br/><br/>self = &lt;selenium.webdriver.support.wait.WebDriverWait (session=&quot;0d132b5c57f4bcf84291a2ec8a9f9714&quot;)&gt;<br/>method = &lt;function presence_of_element_located.&lt;locals&gt;._predicate at 0x0000014EE209E480&gt;, message = &#x27;&#x27;<br/><br/>    def until(self, method, message: str = &quot;&quot;):<br/>        &quot;&quot;&quot;Calls the method provided with the driver as an argument until the \<br/>        return value does not evaluate to ``False``.<br/>    <br/>        :param method: callable(WebDriver)<br/>        :param message: optional message for :exc:`TimeoutException`<br/>        :returns: the result of the last call to `method`<br/>        :raises: :exc:`selenium.common.exceptions.TimeoutException` if timeout occurs<br/>        &quot;&quot;&quot;<br/>        screen = None<br/>        stacktrace = None<br/>    <br/>        end_time = time.monotonic() + self._timeout<br/>        while True:<br/>            try:<br/>                value = method(self._driver)<br/>                if value:<br/>                    return value<br/>            except self._ignored_exceptions as exc:<br/>                screen = getattr(exc, &quot;screen&quot;, None)<br/>                stacktrace = getattr(exc, &quot;stacktrace&quot;, None)<br/>            time.sleep(self._poll)<br/>            if time.monotonic() &gt; end_time:<br/>                break<br/>&gt;       raise TimeoutException(message, screen, stacktrace)<br/><span class="error">E       selenium.common.exceptions.TimeoutException: Message: </span><br/><span class="error">E       Stacktrace:</span><br/><span class="error">E       Backtrace:</span><br/><span class="error">E       	GetHandleVerifier [0x0023A813+48355]</span><br/><span class="error">E       	(No symbol) [0x001CC4B1]</span><br/><span class="error">E       	(No symbol) [0x000D5358]</span><br/><span class="error">E       	(No symbol) [0x001009A5]</span><br/><span class="error">E       	(No symbol) [0x00100B3B]</span><br/><span class="error">E       	(No symbol) [0x0012E232]</span><br/><span class="error">E       	(No symbol) [0x0011A784]</span><br/><span class="error">E       	(No symbol) [0x0012C922]</span><br/><span class="error">E       	(No symbol) [0x0011A536]</span><br/><span class="error">E       	(No symbol) [0x000F82DC]</span><br/><span class="error">E       	(No symbol) [0x000F93DD]</span><br/><span class="error">E       	GetHandleVerifier [0x0049AABD+2539405]</span><br/><span class="error">E       	GetHandleVerifier [0x004DA78F+2800735]</span><br/><span class="error">E       	GetHandleVerifier [0x004D456C+2775612]</span><br/><span class="error">E       	GetHandleVerifier [0x002C51E0+616112]</span><br/><span class="error">E       	(No symbol) [0x001D5F8C]</span><br/><span class="error">E       	(No symbol) [0x001D2328]</span><br/><span class="error">E       	(No symbol) [0x001D240B]</span><br/><span class="error">E       	(No symbol) [0x001C4FF7]</span><br/><span class="error">E       	BaseThreadInitThunk [0x755A6BA9+25]</span><br/><span class="error">E       	RtlGetFullPathName_UEx [0x77388F9F+1215]</span><br/><span class="error">E       	RtlGetFullPathName_UEx [0x77388F6D+1165]</span><br/><span class="error">E       	(No symbol) [0x00000000]</span><br/><br/>venv\Lib\site-packages\selenium\webdriver\support\wait.py:95: TimeoutException[gw2] win32 -- Python 3.11.3 D:\SoftwareTesting\Automation Testing\Framework_Projects\OrangeHRM\venv\Scripts\python.exe<br/> ------------------------------Captured stdout call------------------------------ <br/>Number of rows are--&gt; 5
[&#x27;Pass&#x27;]
<br/> -------------------------------Captured log call-------------------------------- <br/>INFO     Test_Login_DDT:test_login_ddt.py:20 Opening Browser
INFO     Test_Login_DDT:test_login_ddt.py:23 Going to URL
INFO     Test_Login_DDT:test_login_ddt.py:35 Enter UserName---&gt;Admin
INFO     Test_Login_DDT:test_login_ddt.py:37 Enter Password---&gt;admin123
INFO     Test_Login_DDT:test_login_ddt.py:39 Click on login button
INFO     Test_Login_DDT:test_login_ddt.py:46 Click on Menu button
INFO     Test_Login_DDT:test_login_ddt.py:48 Click on Logout button<br/></div></td></tr></tbody>
      <tbody class="failed results-table-row">
        <tr>
          <td class="col-result">Failed</td>
          <td class="col-name">testCases/test_login_ddt.py::Test_Login_DDT::test_login_ddt_004[getDataForLogin0]</td>
          <td class="col-duration">30.33</td>
          <td class="col-links"></td></tr>
        <tr>
          <td class="extra" colspan="4">
            <div class="log">[gw0] win32 -- Python 3.11.3 D:\SoftwareTesting\Automation Testing\Framework_Projects\OrangeHRM\venv\Scripts\python.exe<br/>[gw0] win32 -- Python 3.11.3 D:\SoftwareTesting\Automation Testing\Framework_Projects\OrangeHRM\venv\Scripts\python.exe[gw0] win32 -- Python 3.11.3 D:\SoftwareTesting\Automation Testing\Framework_Projects\OrangeHRM\venv\Scripts\python.exe<br/><br/>self = &lt;testCases.test_login_ddt.Test_Login_DDT object at 0x000002C362531690&gt;<br/>setup = &lt;selenium.webdriver.chrome.webdriver.WebDriver (session=&quot;bdf4c862266b99a2fde094327639facb&quot;)&gt;, getDataForLogin = (&#x27;Admin&#x27;, &#x27;admin123&#x27;, &#x27;Pass&#x27;)<br/><br/>    @pytest.mark.regression<br/>    def test_login_ddt_004(self,setup,getDataForLogin):<br/>        self.log.info(&quot;Opening Browser&quot;)<br/>        self.driver = setup<br/>        self.driver.get(self.url)<br/>        self.log.info(&quot;Going to URL&quot;)<br/>        self.lp = Login(self.driver)       # Create an instance of the page object class(i.e class Login)<br/>        self.rows=XLutils.getRowCount(self.path,&#x27;Sheet1&#x27;)<br/>        print(&#x27;Number of rows are--&gt;&#x27;,self.rows)<br/>        login_status=[]<br/>        #<br/>        for r in range(2,self.rows+1):<br/>            self.username=XLutils.readData(self.path,&#x27;Sheet1&#x27;,r,1)<br/>            self.password=XLutils.readData(self.path,&#x27;Sheet1&#x27;,r,2)<br/>            self.exp_status=XLutils.readData(self.path,&#x27;Sheet1&#x27;,r,3)<br/>    <br/>&gt;           self.lp.enterUserName(self.username)     # Through this instance,use the page object methods in your tests<br/><br/>testCases\test_login_ddt.py:34: <br/>_ _ _ _ _ _ _ _ _ _ _ _ _ _ _ _ _ _ _ _ _ _ _ _ _ _ _ _ _ _ _ _ _ _ _ _ _ _ _ _ <br/>PageObject\LoginPageObject.py:22: in enterUserName<br/>    self.wait.until(EC.presence_of_element_located(self.txtbox_username_name))<br/>_ _ _ _ _ _ _ _ _ _ _ _ _ _ _ _ _ _ _ _ _ _ _ _ _ _ _ _ _ _ _ _ _ _ _ _ _ _ _ _ <br/><br/>self = &lt;selenium.webdriver.support.wait.WebDriverWait (session=&quot;bdf4c862266b99a2fde094327639facb&quot;)&gt;<br/>method = &lt;function presence_of_element_located.&lt;locals&gt;._predicate at 0x000002C3628EE480&gt;, message = &#x27;&#x27;<br/><br/>    def until(self, method, message: str = &quot;&quot;):<br/>        &quot;&quot;&quot;Calls the method provided with the driver as an argument until the \<br/>        return value does not evaluate to ``False``.<br/>    <br/>        :param method: callable(WebDriver)<br/>        :param message: optional message for :exc:`TimeoutException`<br/>        :returns: the result of the last call to `method`<br/>        :raises: :exc:`selenium.common.exceptions.TimeoutException` if timeout occurs<br/>        &quot;&quot;&quot;<br/>        screen = None<br/>        stacktrace = None<br/>    <br/>        end_time = time.monotonic() + self._timeout<br/>        while True:<br/>            try:<br/>                value = method(self._driver)<br/>                if value:<br/>                    return value<br/>            except self._ignored_exceptions as exc:<br/>                screen = getattr(exc, &quot;screen&quot;, None)<br/>                stacktrace = getattr(exc, &quot;stacktrace&quot;, None)<br/>            time.sleep(self._poll)<br/>            if time.monotonic() &gt; end_time:<br/>                break<br/>&gt;       raise TimeoutException(message, screen, stacktrace)<br/><span class="error">E       selenium.common.exceptions.TimeoutException: Message: </span><br/><span class="error">E       Stacktrace:</span><br/><span class="error">E       Backtrace:</span><br/><span class="error">E       	GetHandleVerifier [0x0023A813+48355]</span><br/><span class="error">E       	(No symbol) [0x001CC4B1]</span><br/><span class="error">E       	(No symbol) [0x000D5358]</span><br/><span class="error">E       	(No symbol) [0x001009A5]</span><br/><span class="error">E       	(No symbol) [0x00100B3B]</span><br/><span class="error">E       	(No symbol) [0x0012E232]</span><br/><span class="error">E       	(No symbol) [0x0011A784]</span><br/><span class="error">E       	(No symbol) [0x0012C922]</span><br/><span class="error">E       	(No symbol) [0x0011A536]</span><br/><span class="error">E       	(No symbol) [0x000F82DC]</span><br/><span class="error">E       	(No symbol) [0x000F93DD]</span><br/><span class="error">E       	GetHandleVerifier [0x0049AABD+2539405]</span><br/><span class="error">E       	GetHandleVerifier [0x004DA78F+2800735]</span><br/><span class="error">E       	GetHandleVerifier [0x004D456C+2775612]</span><br/><span class="error">E       	GetHandleVerifier [0x002C51E0+616112]</span><br/><span class="error">E       	(No symbol) [0x001D5F8C]</span><br/><span class="error">E       	(No symbol) [0x001D2328]</span><br/><span class="error">E       	(No symbol) [0x001D240B]</span><br/><span class="error">E       	(No symbol) [0x001C4FF7]</span><br/><span class="error">E       	BaseThreadInitThunk [0x755A6BA9+25]</span><br/><span class="error">E       	RtlGetFullPathName_UEx [0x77388F9F+1215]</span><br/><span class="error">E       	RtlGetFullPathName_UEx [0x77388F6D+1165]</span><br/><span class="error">E       	(No symbol) [0x00000000]</span><br/><br/>venv\Lib\site-packages\selenium\webdriver\support\wait.py:95: TimeoutException[gw0] win32 -- Python 3.11.3 D:\SoftwareTesting\Automation Testing\Framework_Projects\OrangeHRM\venv\Scripts\python.exe<br/> ------------------------------Captured stdout call------------------------------ <br/>Number of rows are--&gt; 5
[&#x27;Pass&#x27;]
<br/> -------------------------------Captured log call-------------------------------- <br/>INFO     Test_Login_DDT:test_login_ddt.py:20 Opening Browser
INFO     Test_Login_DDT:test_login_ddt.py:23 Going to URL
INFO     Test_Login_DDT:test_login_ddt.py:35 Enter UserName---&gt;Admin
INFO     Test_Login_DDT:test_login_ddt.py:37 Enter Password---&gt;admin123
INFO     Test_Login_DDT:test_login_ddt.py:39 Click on login button
INFO     Test_Login_DDT:test_login_ddt.py:46 Click on Menu button
INFO     Test_Login_DDT:test_login_ddt.py:48 Click on Logout button<br/></div></td></tr></tbody>
      <tbody class="passed results-table-row">
        <tr>
          <td class="col-result">Passed</td>
          <td class="col-name">testCases/test_login_ddt.py::Test_Login_DDT::test_login_ddt_004[getDataForLogin3]</td>
          <td class="col-duration">55.66</td>
          <td class="col-links"></td></tr>
        <tr>
          <td class="extra" colspan="4">
            <div class="log">[gw3] win32 -- Python 3.11.3 D:\SoftwareTesting\Automation Testing\Framework_Projects\OrangeHRM\venv\Scripts\python.exe<br/>[gw3] win32 -- Python 3.11.3 D:\SoftwareTesting\Automation Testing\Framework_Projects\OrangeHRM\venv\Scripts\python.exe[gw3] win32 -- Python 3.11.3 D:\SoftwareTesting\Automation Testing\Framework_Projects\OrangeHRM\venv\Scripts\python.exe[gw3] win32 -- Python 3.11.3 D:\SoftwareTesting\Automation Testing\Framework_Projects\OrangeHRM\venv\Scripts\python.exe<br/> ------------------------------Captured stdout call------------------------------ <br/>Number of rows are--&gt; 5
[&#x27;Pass&#x27;]
[&#x27;Pass&#x27;]
[&#x27;Pass&#x27;]
[&#x27;Pass&#x27;]
<br/> -------------------------------Captured log call-------------------------------- <br/>INFO     Test_Login_DDT:test_login_ddt.py:20 Opening Browser
INFO     Test_Login_DDT:test_login_ddt.py:23 Going to URL
INFO     Test_Login_DDT:test_login_ddt.py:35 Enter UserName---&gt;Admin
INFO     Test_Login_DDT:test_login_ddt.py:37 Enter Password---&gt;admin123
INFO     Test_Login_DDT:test_login_ddt.py:39 Click on login button
INFO     Test_Login_DDT:test_login_ddt.py:46 Click on Menu button
INFO     Test_Login_DDT:test_login_ddt.py:48 Click on Logout button
INFO     Test_Login_DDT:test_login_ddt.py:35 Enter UserName---&gt;Admin1
INFO     Test_Login_DDT:test_login_ddt.py:37 Enter Password---&gt;admin123
INFO     Test_Login_DDT:test_login_ddt.py:39 Click on login button
INFO     Test_Login_DDT:test_login_ddt.py:35 Enter UserName---&gt;Admin
INFO     Test_Login_DDT:test_login_ddt.py:37 Enter Password---&gt;admin1231
INFO     Test_Login_DDT:test_login_ddt.py:39 Click on login button
INFO     Test_Login_DDT:test_login_ddt.py:35 Enter UserName---&gt;Admin1
INFO     Test_Login_DDT:test_login_ddt.py:37 Enter Password---&gt;admin1231
INFO     Test_Login_DDT:test_login_ddt.py:39 Click on login button
INFO     Test_Login_DDT:test_login_ddt.py:73 test_login_ddt_004 is Passed
INFO     Test_Login_DDT:test_login_ddt.py:79 test_login_ddt_004 is Completed<br/></div></td></tr></tbody></table></body></html>